2023-12-05 13:54:10,432 [INFO] - Starting up server ...
2023-12-05 13:54:10,432 [INFO] - Server is up and listening ...
2023-12-05 13:54:13,756 [INFO] - Client connected
2023-12-05 13:54:26,172 [INFO] - [CLIENT] b'LOGIN           |0009|test#test'
2023-12-05 13:54:26,172 [INFO] - [SERVER] LOGIN_OK        |0000|
2023-12-05 13:54:26,172 [INFO] - test logged in successfully..
2023-12-05 13:54:45,005 [INFO] - [TEST] b'GET_QUESTION    |0000|'
2023-12-05 13:58:22,314 [INFO] - Starting up server ...
2023-12-05 13:58:22,314 [INFO] - Server is up and listening ...
2023-12-05 13:58:25,985 [INFO] - Client connected
2023-12-05 13:58:30,395 [INFO] - [CLIENT] b'LOGIN           |0009|test#test'
2023-12-05 13:58:30,395 [INFO] - [SERVER] LOGIN_OK        |0000|
2023-12-05 13:58:30,410 [INFO] - test logged in successfully..
2023-12-05 13:58:31,952 [INFO] - [TEST] b'GET_QUESTION    |0000|'
2023-12-05 13:58:31,952 [INFO] - [SERVER] YOUR_QUESTION   |0130|60#What TV show is about a grandfather dragging his grandson around on adventures?#American Dad#Rick & Morty#South Park#Family Guy
2023-12-05 13:58:43,478 [INFO] - [TEST] b'SEND_ANSWER     |0001|2'
2023-12-05 13:58:43,478 [INFO] - [SERVER] CORRECT_ANSWER  |0000|
2023-12-05 13:58:49,088 [INFO] - [TEST] b'MY_SCORE        |0000|'
2023-12-05 13:58:49,088 [INFO] - [SERVER] YOUR_SCORE      |0002|10
2023-12-05 13:58:51,933 [INFO] - [TEST] b'HIGHSCORE       |0000|'
2023-12-05 13:58:51,933 [INFO] - [SERVER] ALL_SCORE       |0045|	master: 200
	yossi: 50
	test: 10
	Yonatan: 5
2023-12-05 13:58:55,574 [INFO] - [TEST] b'LOGOUT          |0000|'
2023-12-05 13:58:55,574 [INFO] - logging [TEST] out at ('127.0.0.1', 55421)...
2023-12-05 13:58:55,592 [ERROR] - Client disconnected
2023-12-05 13:59:03,293 [INFO] - Client connected
2023-12-05 13:59:08,843 [INFO] - [CLIENT] b'LOGIN           |0009|test#test'
2023-12-05 13:59:08,843 [INFO] - [SERVER] LOGIN_OK        |0000|
2023-12-05 13:59:08,843 [INFO] - test logged in successfully..
2023-12-05 13:59:12,382 [INFO] - [TEST] b'MY_SCORE        |0000|'
2023-12-05 13:59:12,382 [INFO] - [SERVER] YOUR_SCORE      |0002|10
2023-12-05 13:59:15,389 [INFO] - [TEST] b'GET_QUESTION    |0000|'
2023-12-05 13:59:15,389 [INFO] - [SERVER] YOUR_QUESTION   |0181|91#Which part from the JoJo's Bizarre Adventure manga is about a horse race across America?#Part 3: Stardust Crusaders#Part 6: Stone Ocean#Part 7: Steel Ball Run#Part 5: Golden Wind
2023-12-05 13:59:26,585 [INFO] - [TEST] b'SEND_ANSWER     |0001|3'
2023-12-05 13:59:26,585 [INFO] - [SERVER] CORRECT_ANSWER  |0000|
2023-12-05 13:59:34,834 [INFO] - Performing server management task: Kicking user...
2023-12-05 13:59:37,492 [INFO] - logging [TEST] out at ('127.0.0.1', 55423)...
2023-12-05 13:59:37,508 [INFO] - [SERVER] kicked test out of the server
2023-12-05 13:59:37,508 [ERROR] - Client disconnected
2023-12-05 13:59:53,263 [INFO] - [SERVER] SHUTDOWN

2023-12-05 14:29:23,661 [INFO] - Starting up server ...
2023-12-05 14:29:23,661 [INFO] - Server is up and listening ...
2023-12-05 14:29:29,523 [INFO] - Client connected
2023-12-05 14:29:34,673 [INFO] - [CLIENT] b'LOGIN           |0009|test#test'
2023-12-05 14:29:34,673 [INFO] - [SERVER] LOGIN_OK        |0000|
2023-12-05 14:29:34,673 [INFO] - test logged in successfully..
2023-12-05 14:29:36,456 [INFO] - [TEST] b'GET_QUESTION    |0000|'
2023-12-05 14:29:36,456 [INFO] - [SERVER] ERROR           |0007|Error! 
2023-12-05 14:29:36,456 [ERROR] - Error! 
2023-12-05 14:29:46,782 [INFO] - [TEST] b'LOGOUT          |0000|'
2023-12-05 14:29:46,782 [INFO] - logging [TEST] out at ('127.0.0.1', 55553)...
2023-12-05 14:29:46,782 [ERROR] - Client disconnected
2023-12-05 14:29:52,642 [INFO] - [SERVER] SHUTDOWN

2023-12-05 14:30:40,368 [INFO] - Starting up server ...
2023-12-05 14:30:40,368 [INFO] - Server is up and listening ...
2023-12-05 14:30:44,483 [INFO] - Client connected
2023-12-05 14:30:48,640 [INFO] - [CLIENT] b'LOGIN           |0009|test#test'
2023-12-05 14:30:48,640 [INFO] - [SERVER] LOGIN_OK        |0000|
2023-12-05 14:30:48,640 [INFO] - test logged in successfully..
2023-12-05 14:30:50,867 [INFO] - [TEST] b'GET_QUESTION    |0000|'
2023-12-05 14:30:50,867 [INFO] - [SERVER] ERROR           |0007|Error! 
2023-12-05 14:30:50,867 [ERROR] - Error! 
2023-12-05 14:31:10,834 [INFO] - [TEST] b'LOGOUT          |0000|'
2023-12-05 14:31:10,834 [INFO] - logging [TEST] out at ('127.0.0.1', 55562)...
2023-12-05 14:31:19,110 [INFO] - Starting up server ...
2023-12-05 14:31:19,110 [INFO] - Server is up and listening ...
2023-12-05 14:31:26,258 [INFO] - Client connected
2023-12-05 14:31:39,692 [INFO] - [CLIENT] b'LOGIN           |0009|test#test'
2023-12-05 14:31:41,651 [INFO] - [SERVER] LOGIN_OK        |0000|
2023-12-05 14:31:41,651 [INFO] - test logged in successfully..
2023-12-05 14:32:07,598 [INFO] - [TEST] b'GET_QUESTION    |0000|'
2023-12-05 14:34:19,592 [INFO] - Starting up server ...
2023-12-05 14:34:19,592 [INFO] - Server is up and listening ...
2023-12-05 14:34:22,483 [INFO] - Client connected
2023-12-05 14:34:27,749 [INFO] - [CLIENT] b'LOGIN           |0007|login#s'
2023-12-05 14:34:27,749 [INFO] - [SERVER] ERROR           |0034|username or password are incorrect
2023-12-05 14:34:27,749 [ERROR] - username or password are incorrect
2023-12-05 14:34:33,726 [INFO] - [CLIENT] b'LOGIN           |0009|test#test'
2023-12-05 14:34:33,726 [INFO] - [SERVER] LOGIN_OK        |0000|
2023-12-05 14:34:33,726 [INFO] - test logged in successfully..
2023-12-05 14:34:35,261 [INFO] - [TEST] b'GET_QUESTION    |0000|'
2023-12-05 14:34:35,261 [INFO] - [SERVER] YOUR_QUESTION   |0165|98#Which popular First Person Shooter (FPS) franchise, got a Real Time Strategy (RTS) game developed based on its universe?#Battlefield#Halo#Call of Duty#Borderlands
2023-12-05 14:34:47,124 [INFO] - [TEST] b'SEND_ANSWER     |0001|3'
2023-12-05 14:34:47,124 [INFO] - [SERVER] WRONG_ANSWER    |0001|2
2023-12-05 14:34:50,394 [INFO] - [TEST] b'LOGOUT          |0000|'
2023-12-05 14:34:50,394 [INFO] - logging [TEST] out at ('127.0.0.1', 55574)...
2023-12-05 14:34:50,420 [ERROR] - Client disconnected
2023-12-05 14:34:57,206 [INFO] - [SERVER] SHUTDOWN

